[10-May-2025 08:44:38 Europe/Berlin] Error configuration loaded from error_config.php
[10-May-2025 08:44:38 Europe/Berlin] Database connection successful
[10-May-2025 08:44:38 Europe/Berlin] Starting addItem function
[10-May-2025 08:44:38 Europe/Berlin] Content-Type: multipart/form-data; boundary=dart-http-boundary-YBuqzlwzOOk-+24qeIAhXteA7WhrFWkNAkBT5tb.rhjvo2l6Ccb
[10-May-2025 08:44:38 Europe/Berlin] All headers: {"user-agent":"Dart\/3.7 (dart:io)","accept":"application\/json","accept-encoding":"gzip","content-length":"26641","host":"10.0.2.2","authorization":"Bearer eyJ1c2VyX2lkIjozLCJ1c2VybmFtZSI6ImFiYyIsInJvbGUiOiJ1c2VyIiwiaWF0IjoxNzQ2ODU1MjU5LCJleHAiOjE3NzgzOTEyNTl9","content-type":"multipart\/form-data; boundary=dart-http-boundary-YBuqzlwzOOk-+24qeIAhXteA7WhrFWkNAkBT5tb.rhjvo2l6Ccb"}
[10-May-2025 08:44:38 Europe/Berlin] Starting authentication verification
[10-May-2025 08:44:38 Europe/Berlin] All headers received: {"user-agent":"Dart\/3.7 (dart:io)","accept":"application\/json","accept-encoding":"gzip","content-length":"26641","host":"10.0.2.2","authorization":"Bearer eyJ1c2VyX2lkIjozLCJ1c2VybmFtZSI6ImFiYyIsInJvbGUiOiJ1c2VyIiwiaWF0IjoxNzQ2ODU1MjU5LCJleHAiOjE3NzgzOTEyNTl9","content-type":"multipart\/form-data; boundary=dart-http-boundary-YBuqzlwzOOk-+24qeIAhXteA7WhrFWkNAkBT5tb.rhjvo2l6Ccb"}
[10-May-2025 08:44:38 Europe/Berlin] Normalized headers: {"user-agent":"Dart\/3.7 (dart:io)","accept":"application\/json","accept-encoding":"gzip","content-length":"26641","host":"10.0.2.2","authorization":"Bearer eyJ1c2VyX2lkIjozLCJ1c2VybmFtZSI6ImFiYyIsInJvbGUiOiJ1c2VyIiwiaWF0IjoxNzQ2ODU1MjU5LCJleHAiOjE3NzgzOTEyNTl9","content-type":"multipart\/form-data; boundary=dart-http-boundary-YBuqzlwzOOk-+24qeIAhXteA7WhrFWkNAkBT5tb.rhjvo2l6Ccb"}
[10-May-2025 08:44:38 Europe/Berlin] Found Authorization header: Bearer eyJ1c2VyX2lkIjozLCJ1c2VybmFtZSI6ImFiYyIsInJvbGUiOiJ1c2VyIiwiaWF0IjoxNzQ2ODU1MjU5LCJleHAiOjE3NzgzOTEyNTl9
[10-May-2025 08:44:38 Europe/Berlin] Extracted token: eyJ1c2VyX2lkIjozLCJ1c2VybmFtZSI6ImFiYyIsInJvbGUiOiJ1c2VyIiwiaWF0IjoxNzQ2ODU1MjU5LCJleHAiOjE3NzgzOTEyNTl9
[10-May-2025 08:44:38 Europe/Berlin] Starting token verification
[10-May-2025 08:44:38 Europe/Berlin] Token received: eyJ1c2VyX2lkIjozLCJ1...
[10-May-2025 08:44:38 Europe/Berlin] Token verification result: {"user_id":1,"username":"test_user","role":"user"}
[10-May-2025 08:44:38 Europe/Berlin] Authentication successful for user: {"user_id":1,"username":"test_user","role":"user"}
[10-May-2025 08:44:38 Europe/Berlin] Authentication successful for user_id: 1
[10-May-2025 08:44:38 Europe/Berlin] Authentication successful for user: 1
[10-May-2025 08:44:38 Europe/Berlin] Raw POST data: 
[10-May-2025 08:44:38 Europe/Berlin] FILES array: {"image":{"name":"scaled_18.webp","full_path":"scaled_18.webp","type":"application\/octet-stream","tmp_name":"\/Applications\/XAMPP\/xamppfiles\/temp\/phpTiPvod","error":0,"size":25342}}
[10-May-2025 08:44:38 Europe/Berlin] POST array: {"name":"123","description":"123","price":"123.0","condition":"New","category":"Tops","size":"123","brand":"123","color":"Black"}
[10-May-2025 08:44:38 Europe/Berlin] Processing multipart form data
[10-May-2025 08:44:38 Europe/Berlin] Form field name: 123
[10-May-2025 08:44:38 Europe/Berlin] Form field description: 123
[10-May-2025 08:44:38 Europe/Berlin] Form field price: 123.0
[10-May-2025 08:44:38 Europe/Berlin] Form field condition: New
[10-May-2025 08:44:38 Europe/Berlin] Form field category: Tops
[10-May-2025 08:44:38 Europe/Berlin] Form field size: 123
[10-May-2025 08:44:38 Europe/Berlin] Form field brand: 123
[10-May-2025 08:44:38 Europe/Berlin] Form field color: Black
[10-May-2025 08:44:38 Europe/Berlin] Image file received: {"name":"scaled_18.webp","full_path":"scaled_18.webp","type":"application\/octet-stream","tmp_name":"\/Applications\/XAMPP\/xamppfiles\/temp\/phpTiPvod","error":0,"size":25342}
[10-May-2025 08:44:38 Europe/Berlin] Upload directory: /Applications/XAMPP/xamppfiles/htdocs/fypProject/uploads/
[10-May-2025 08:44:38 Europe/Berlin] File uploaded successfully to: /Applications/XAMPP/xamppfiles/htdocs/fypProject/uploads/681ef5d6023a2_1746859478.webp
[10-May-2025 08:44:38 Europe/Berlin] Final data for processing: {"name":"123","description":"123","price":"123.0","condition":"New","category":"Tops","size":"123","brand":"123","color":"Black","image_url":"\/uploads\/681ef5d6023a2_1746859478.webp"}
[10-May-2025 08:44:38 Europe/Berlin] Preparing to insert item with data: {"name":"123","description":"123","price":"123.0","condition":"New","category":"Tops","size":"123","brand":"123","color":"Black","image_url":"\/uploads\/681ef5d6023a2_1746859478.webp"}
[10-May-2025 08:44:38 Europe/Berlin] User ID for insertion: 1
[10-May-2025 08:44:38 Europe/Berlin] Item inserted successfully
[10-May-2025 08:44:38 Europe/Berlin] New item ID: 5
[10-May-2025 08:44:38 Europe/Berlin] Error configuration loaded from error_config.php
[10-May-2025 08:44:38 Europe/Berlin] Database connection successful
[10-May-2025 08:44:38 Europe/Berlin] getItems called with page: 1, limit: 10, category: , user_id: 
[10-May-2025 08:44:38 Europe/Berlin] Query: SELECT * FROM items WHERE 1=1 ORDER BY created_at DESC LIMIT :limit OFFSET :offset with params: {":limit":10,":offset":0}
[10-May-2025 08:44:46 Europe/Berlin] Error configuration loaded from error_config.php
[10-May-2025 08:44:46 Europe/Berlin] Database connection successful
[10-May-2025 09:13:24 Europe/Berlin] Error configuration loaded from error_config.php
[10-May-2025 09:13:24 Europe/Berlin] Database connection successful
[10-May-2025 09:13:24 Europe/Berlin] getItems called with page: 1, limit: 10, category: , user_id: 
[10-May-2025 09:13:24 Europe/Berlin] Query: SELECT * FROM items WHERE 1=1 ORDER BY created_at DESC LIMIT :limit OFFSET :offset with params: {":limit":10,":offset":0}
[10-May-2025 09:13:38 Europe/Berlin] Error configuration loaded from error_config.php
[10-May-2025 09:13:38 Europe/Berlin] Database connection successful
[10-May-2025 09:21:51 Europe/Berlin] Error configuration loaded from error_config.php
[10-May-2025 09:21:51 Europe/Berlin] Database connection successful
[10-May-2025 09:21:51 Europe/Berlin] getItems called with page: 1, limit: 10, category: , user_id: 
[10-May-2025 09:21:51 Europe/Berlin] Query: SELECT * FROM items WHERE 1=1 ORDER BY created_at DESC LIMIT :limit OFFSET :offset with params: {":limit":10,":offset":0}
[10-May-2025 09:22:40 Europe/Berlin] Error configuration loaded from error_config.php
[10-May-2025 09:22:40 Europe/Berlin] Database connection successful
[10-May-2025 09:22:40 Europe/Berlin] getItems called with page: 1, limit: 10, category: , user_id: 
[10-May-2025 09:22:40 Europe/Berlin] Query: SELECT * FROM items WHERE 1=1 ORDER BY created_at DESC LIMIT :limit OFFSET :offset with params: {":limit":10,":offset":0}
[10-May-2025 09:35:13 Europe/Berlin] Error configuration loaded from error_config.php
[10-May-2025 09:35:13 Europe/Berlin] Database connection successful
[10-May-2025 09:35:13 Europe/Berlin] getItems called with page: 1, limit: 10, category: , user_id: 
[10-May-2025 09:35:13 Europe/Berlin] Query: SELECT * FROM items WHERE 1=1 ORDER BY created_at DESC LIMIT :limit OFFSET :offset with params: {":limit":10,":offset":0}
[10-May-2025 09:35:18 Europe/Berlin] Error configuration loaded from error_config.php
[10-May-2025 09:35:18 Europe/Berlin] Database connection successful
[10-May-2025 11:10:56 Europe/Berlin] Error configuration loaded from error_config.php
[10-May-2025 11:10:56 Europe/Berlin] Database connection successful
[10-May-2025 11:10:56 Europe/Berlin] getItems called with page: 1, limit: 10, category: , user_id: 
[10-May-2025 11:10:56 Europe/Berlin] Query: SELECT * FROM items WHERE 1=1 ORDER BY created_at DESC LIMIT :limit OFFSET :offset with params: {":limit":10,":offset":0}
[10-May-2025 11:11:06 Europe/Berlin] Error configuration loaded from error_config.php
[10-May-2025 11:11:06 Europe/Berlin] Database connection successful
[10-May-2025 11:11:06 Europe/Berlin] getItems called with page: 1, limit: 10, category: , user_id: 
[10-May-2025 11:11:06 Europe/Berlin] Query: SELECT * FROM items WHERE 1=1 ORDER BY created_at DESC LIMIT :limit OFFSET :offset with params: {":limit":10,":offset":0}
[10-May-2025 11:11:08 Europe/Berlin] Error configuration loaded from error_config.php
[10-May-2025 11:11:08 Europe/Berlin] Database connection successful
[10-May-2025 11:11:30 Europe/Berlin] Error configuration loaded from error_config.php
[10-May-2025 11:11:30 Europe/Berlin] Database connection successful
[10-May-2025 11:11:30 Europe/Berlin] getItems called with page: 1, limit: 10, category: , user_id: 
[10-May-2025 11:11:30 Europe/Berlin] Query: SELECT * FROM items WHERE 1=1 ORDER BY created_at DESC LIMIT :limit OFFSET :offset with params: {":limit":10,":offset":0}
[10-May-2025 11:11:46 Europe/Berlin] Error configuration loaded from error_config.php
[10-May-2025 11:11:46 Europe/Berlin] Database connection successful
[10-May-2025 11:11:46 Europe/Berlin] getItems called with page: 1, limit: 10, category: , user_id: 
[10-May-2025 11:11:46 Europe/Berlin] Query: SELECT * FROM items WHERE 1=1 ORDER BY created_at DESC LIMIT :limit OFFSET :offset with params: {":limit":10,":offset":0}
[10-May-2025 11:11:47 Europe/Berlin] Error configuration loaded from error_config.php
[10-May-2025 11:11:47 Europe/Berlin] Database connection successful
[10-May-2025 11:11:59 Europe/Berlin] Error configuration loaded from error_config.php
[10-May-2025 11:11:59 Europe/Berlin] Database connection successful
[10-May-2025 11:11:59 Europe/Berlin] getItems called with page: 1, limit: 10, category: , user_id: 
[10-May-2025 11:11:59 Europe/Berlin] Query: SELECT * FROM items WHERE 1=1 ORDER BY created_at DESC LIMIT :limit OFFSET :offset with params: {":limit":10,":offset":0}
[10-May-2025 11:12:40 Europe/Berlin] Error configuration loaded from error_config.php
[10-May-2025 11:12:40 Europe/Berlin] Database connection successful
[10-May-2025 11:12:40 Europe/Berlin] getItems called with page: 1, limit: 10, category: , user_id: 
[10-May-2025 11:12:40 Europe/Berlin] Query: SELECT * FROM items WHERE 1=1 ORDER BY created_at DESC LIMIT :limit OFFSET :offset with params: {":limit":10,":offset":0}
[10-May-2025 11:15:13 Europe/Berlin] Error configuration loaded from error_config.php
[10-May-2025 11:15:13 Europe/Berlin] Database connection successful
[10-May-2025 11:15:13 Europe/Berlin] getItems called with page: 1, limit: 10, category: , user_id: 
[10-May-2025 11:15:13 Europe/Berlin] Query: SELECT * FROM items WHERE 1=1 ORDER BY created_at DESC LIMIT :limit OFFSET :offset with params: {":limit":10,":offset":0}
[10-May-2025 11:17:21 Europe/Berlin] Error configuration loaded from error_config.php
[10-May-2025 11:17:21 Europe/Berlin] Database connection successful
[10-May-2025 11:17:21 Europe/Berlin] getItems called with page: 1, limit: 10, category: , user_id: 
[10-May-2025 11:17:21 Europe/Berlin] Query: SELECT * FROM items WHERE 1=1 ORDER BY created_at DESC LIMIT :limit OFFSET :offset with params: {":limit":10,":offset":0}
[10-May-2025 11:38:47 Europe/Berlin] Error configuration loaded from error_config.php
[10-May-2025 11:38:47 Europe/Berlin] Database connection successful
[10-May-2025 11:38:47 Europe/Berlin] getItems called with page: 1, limit: 10, category: , user_id: 
[10-May-2025 11:38:47 Europe/Berlin] Query: SELECT * FROM items WHERE 1=1 ORDER BY created_at DESC LIMIT :limit OFFSET :offset with params: {":limit":10,":offset":0}
[10-May-2025 11:38:58 Europe/Berlin] Error configuration loaded from error_config.php
[10-May-2025 11:38:58 Europe/Berlin] Database connection successful
[10-May-2025 11:38:58 Europe/Berlin] getItems called with page: 1, limit: 10, category: , user_id: 
[10-May-2025 11:38:58 Europe/Berlin] Query: SELECT * FROM items WHERE 1=1 ORDER BY created_at DESC LIMIT :limit OFFSET :offset with params: {":limit":10,":offset":0}
[10-May-2025 11:40:57 Europe/Berlin] Error configuration loaded from error_config.php
[10-May-2025 11:40:57 Europe/Berlin] Database connection successful
[10-May-2025 11:40:57 Europe/Berlin] getItems called with page: 1, limit: 10, category: , user_id: 
[10-May-2025 11:40:57 Europe/Berlin] Query: SELECT * FROM items WHERE 1=1 ORDER BY created_at DESC LIMIT :limit OFFSET :offset with params: {":limit":10,":offset":0}
[10-May-2025 13:53:51 Europe/Berlin] Error configuration loaded from error_config.php
[10-May-2025 13:53:51 Europe/Berlin] Database connection successful
[10-May-2025 13:53:51 Europe/Berlin] getItems called with page: 1, limit: 10, category: , user_id: 
[10-May-2025 13:53:51 Europe/Berlin] Query: SELECT * FROM items WHERE 1=1 ORDER BY created_at DESC LIMIT :limit OFFSET :offset with params: {":limit":10,":offset":0}
[10-May-2025 13:54:19 Europe/Berlin] Error configuration loaded from error_config.php
[10-May-2025 13:54:19 Europe/Berlin] Database connection successful
[10-May-2025 13:54:19 Europe/Berlin] getItems called with page: 1, limit: 10, category: , user_id: 
[10-May-2025 13:54:19 Europe/Berlin] Query: SELECT * FROM items WHERE 1=1 ORDER BY created_at DESC LIMIT :limit OFFSET :offset with params: {":limit":10,":offset":0}
[10-May-2025 13:54:25 Europe/Berlin] Error configuration loaded from error_config.php
[10-May-2025 13:54:25 Europe/Berlin] Database connection successful
[10-May-2025 13:54:25 Europe/Berlin] getItems called with page: 1, limit: 10, category: , user_id: 
[10-May-2025 13:54:25 Europe/Berlin] Query: SELECT * FROM items WHERE 1=1 ORDER BY created_at DESC LIMIT :limit OFFSET :offset with params: {":limit":10,":offset":0}
[10-May-2025 14:12:21 Europe/Berlin] Error configuration loaded from error_config.php
[10-May-2025 14:12:21 Europe/Berlin] Database connection successful
[10-May-2025 14:12:21 Europe/Berlin] getItems called with page: 1, limit: 10, category: , user_id: 
[10-May-2025 14:12:21 Europe/Berlin] Query: SELECT * FROM items WHERE 1=1 ORDER BY created_at DESC LIMIT :limit OFFSET :offset with params: {":limit":10,":offset":0}
[10-May-2025 14:12:44 Europe/Berlin] Error configuration loaded from error_config.php
[10-May-2025 14:12:44 Europe/Berlin] Database connection successful
[10-May-2025 14:12:44 Europe/Berlin] getItems called with page: 1, limit: 10, category: , user_id: 
[10-May-2025 14:12:44 Europe/Berlin] Query: SELECT * FROM items WHERE 1=1 ORDER BY created_at DESC LIMIT :limit OFFSET :offset with params: {":limit":10,":offset":0}
[10-May-2025 14:46:11 Europe/Berlin] Error configuration loaded from error_config.php
[10-May-2025 14:46:11 Europe/Berlin] Database connection successful
[10-May-2025 14:46:11 Europe/Berlin] getItems called with page: 1, limit: 10, category: , user_id: 
[10-May-2025 14:46:11 Europe/Berlin] Query: SELECT * FROM items WHERE 1=1 ORDER BY created_at DESC LIMIT :limit OFFSET :offset with params: {":limit":10,":offset":0}
[10-May-2025 14:46:33 Europe/Berlin] Error configuration loaded from error_config.php
[10-May-2025 14:46:33 Europe/Berlin] Database connection successful
[10-May-2025 14:46:33 Europe/Berlin] getItems called with page: 1, limit: 10, category: , user_id: 
[10-May-2025 14:46:33 Europe/Berlin] Query: SELECT * FROM items WHERE 1=1 ORDER BY created_at DESC LIMIT :limit OFFSET :offset with params: {":limit":10,":offset":0}
[10-May-2025 15:20:35 Europe/Berlin] Error configuration loaded from error_config.php
[10-May-2025 15:20:35 Europe/Berlin] Database connection successful
[10-May-2025 15:20:35 Europe/Berlin] getItems called with page: 1, limit: 10, category: , user_id: 
[10-May-2025 15:20:35 Europe/Berlin] Query: SELECT * FROM items WHERE 1=1 ORDER BY created_at DESC LIMIT :limit OFFSET :offset with params: {":limit":10,":offset":0}
[10-May-2025 15:20:42 Europe/Berlin] Error configuration loaded from error_config.php
[10-May-2025 15:20:42 Europe/Berlin] Database connection successful
[10-May-2025 15:20:42 Europe/Berlin] getItems called with page: 1, limit: 10, category: , user_id: 
[10-May-2025 15:20:42 Europe/Berlin] Query: SELECT * FROM items WHERE 1=1 ORDER BY created_at DESC LIMIT :limit OFFSET :offset with params: {":limit":10,":offset":0}
[10-May-2025 15:24:57 Europe/Berlin] Error configuration loaded from error_config.php
[10-May-2025 15:24:57 Europe/Berlin] Database connection successful
[10-May-2025 15:24:57 Europe/Berlin] getItems called with page: 1, limit: 10, category: , user_id: 
[10-May-2025 15:24:57 Europe/Berlin] Query: SELECT * FROM items WHERE 1=1 ORDER BY created_at DESC LIMIT :limit OFFSET :offset with params: {":limit":10,":offset":0}
[10-May-2025 15:25:04 Europe/Berlin] Error configuration loaded from error_config.php
[10-May-2025 15:25:04 Europe/Berlin] Database connection successful
[10-May-2025 15:25:04 Europe/Berlin] getItems called with page: 1, limit: 10, category: , user_id: 
[10-May-2025 15:25:04 Europe/Berlin] Query: SELECT * FROM items WHERE 1=1 ORDER BY created_at DESC LIMIT :limit OFFSET :offset with params: {":limit":10,":offset":0}
[10-May-2025 15:32:21 Europe/Berlin] Error configuration loaded from error_config.php
[10-May-2025 15:32:21 Europe/Berlin] Database connection successful
[10-May-2025 15:32:21 Europe/Berlin] getItems called with page: 1, limit: 10, category: , user_id: 
[10-May-2025 15:32:21 Europe/Berlin] Query: SELECT * FROM items WHERE 1=1 ORDER BY created_at DESC LIMIT :limit OFFSET :offset with params: {":limit":10,":offset":0}
[10-May-2025 15:32:33 Europe/Berlin] Error configuration loaded from error_config.php
[10-May-2025 15:32:33 Europe/Berlin] Database connection successful
[10-May-2025 15:32:33 Europe/Berlin] getItems called with page: 1, limit: 10, category: , user_id: 
[10-May-2025 15:32:33 Europe/Berlin] Query: SELECT * FROM items WHERE 1=1 ORDER BY created_at DESC LIMIT :limit OFFSET :offset with params: {":limit":10,":offset":0}
[10-May-2025 15:32:36 Europe/Berlin] Error configuration loaded from error_config.php
[10-May-2025 15:32:36 Europe/Berlin] Database connection successful
[10-May-2025 15:32:36 Europe/Berlin] getItems called with page: 1, limit: 10, category: , user_id: 
[10-May-2025 15:32:36 Europe/Berlin] Query: SELECT * FROM items WHERE 1=1 ORDER BY created_at DESC LIMIT :limit OFFSET :offset with params: {":limit":10,":offset":0}
[10-May-2025 15:32:59 Europe/Berlin] Error configuration loaded from error_config.php
[10-May-2025 15:32:59 Europe/Berlin] Database connection successful
[10-May-2025 15:32:59 Europe/Berlin] getItems called with page: 1, limit: 10, category: , user_id: 
[10-May-2025 15:32:59 Europe/Berlin] Query: SELECT * FROM items WHERE 1=1 ORDER BY created_at DESC LIMIT :limit OFFSET :offset with params: {":limit":10,":offset":0}
[10-May-2025 15:40:01 Europe/Berlin] Error configuration loaded from error_config.php
[10-May-2025 15:40:01 Europe/Berlin] Database connection successful
[10-May-2025 15:40:01 Europe/Berlin] getItems called with page: 1, limit: 10, category: , user_id: 
[10-May-2025 15:40:01 Europe/Berlin] Query: SELECT * FROM items WHERE 1=1 ORDER BY created_at DESC LIMIT :limit OFFSET :offset with params: {":limit":10,":offset":0}
[10-May-2025 15:44:19 Europe/Berlin] Error configuration loaded from error_config.php
[10-May-2025 15:44:19 Europe/Berlin] Database connection successful
[10-May-2025 16:02:18 Europe/Berlin] Error configuration loaded from error_config.php
[10-May-2025 16:02:18 Europe/Berlin] Database connection successful
[10-May-2025 16:02:18 Europe/Berlin] getItems called with page: 1, limit: 10, category: , user_id: 
[10-May-2025 16:02:18 Europe/Berlin] Query: SELECT * FROM items WHERE 1=1 ORDER BY created_at DESC LIMIT :limit OFFSET :offset with params: {":limit":10,":offset":0}
[10-May-2025 16:02:27 Europe/Berlin] Error configuration loaded from error_config.php
[10-May-2025 16:02:27 Europe/Berlin] Database connection successful
[10-May-2025 16:06:44 Europe/Berlin] Error configuration loaded from error_config.php
[10-May-2025 16:06:44 Europe/Berlin] Database connection successful
[10-May-2025 16:06:44 Europe/Berlin] getItems called with page: 1, limit: 10, category: , user_id: 
[10-May-2025 16:06:44 Europe/Berlin] Query: SELECT * FROM items WHERE 1=1 ORDER BY created_at DESC LIMIT :limit OFFSET :offset with params: {":limit":10,":offset":0}
[10-May-2025 16:06:49 Europe/Berlin] Error configuration loaded from error_config.php
[10-May-2025 16:06:49 Europe/Berlin] Database connection successful
[10-May-2025 16:06:49 Europe/Berlin] getItems called with page: 1, limit: 10, category: , user_id: 
[10-May-2025 16:06:49 Europe/Berlin] Query: SELECT * FROM items WHERE 1=1 ORDER BY created_at DESC LIMIT :limit OFFSET :offset with params: {":limit":10,":offset":0}
[10-May-2025 16:09:24 Europe/Berlin] Error configuration loaded from error_config.php
[10-May-2025 16:09:24 Europe/Berlin] Database connection successful
[10-May-2025 16:09:24 Europe/Berlin] getItems called with page: 1, limit: 10, category: , user_id: 
[10-May-2025 16:09:24 Europe/Berlin] Query: SELECT * FROM items WHERE 1=1 ORDER BY created_at DESC LIMIT :limit OFFSET :offset with params: {":limit":10,":offset":0}
[10-May-2025 16:09:25 Europe/Berlin] Error configuration loaded from error_config.php
[10-May-2025 16:09:25 Europe/Berlin] Database connection successful
[10-May-2025 16:09:25 Europe/Berlin] getItems called with page: 1, limit: 10, category: , user_id: 
[10-May-2025 16:09:25 Europe/Berlin] Query: SELECT * FROM items WHERE 1=1 ORDER BY created_at DESC LIMIT :limit OFFSET :offset with params: {":limit":10,":offset":0}
[10-May-2025 16:14:26 Europe/Berlin] Error configuration loaded from error_config.php
[10-May-2025 16:14:26 Europe/Berlin] Database connection successful
[10-May-2025 16:14:26 Europe/Berlin] getItems called with page: 1, limit: 10, category: , user_id: 
[10-May-2025 16:14:26 Europe/Berlin] Query: SELECT * FROM items WHERE 1=1 ORDER BY created_at DESC LIMIT :limit OFFSET :offset with params: {":limit":10,":offset":0}
[10-May-2025 16:14:36 Europe/Berlin] Error configuration loaded from error_config.php
[10-May-2025 16:14:36 Europe/Berlin] Database connection successful
[10-May-2025 16:14:36 Europe/Berlin] getItems called with page: 1, limit: 10, category: , user_id: 
[10-May-2025 16:14:36 Europe/Berlin] Query: SELECT * FROM items WHERE 1=1 ORDER BY created_at DESC LIMIT :limit OFFSET :offset with params: {":limit":10,":offset":0}
[10-May-2025 16:31:01 Europe/Berlin] Error configuration loaded from error_config.php
[10-May-2025 16:31:01 Europe/Berlin] Database connection successful
[10-May-2025 16:31:01 Europe/Berlin] getItems called with page: 1, limit: 10, category: , user_id: 
[10-May-2025 16:31:01 Europe/Berlin] Query: SELECT * FROM items WHERE 1=1 ORDER BY created_at DESC LIMIT :limit OFFSET :offset with params: {":limit":10,":offset":0}
[10-May-2025 16:31:03 Europe/Berlin] Error configuration loaded from error_config.php
[10-May-2025 16:31:03 Europe/Berlin] Database connection successful
[10-May-2025 16:31:03 Europe/Berlin] getItems called with page: 1, limit: 10, category: , user_id: 
[10-May-2025 16:31:03 Europe/Berlin] Query: SELECT * FROM items WHERE 1=1 ORDER BY created_at DESC LIMIT :limit OFFSET :offset with params: {":limit":10,":offset":0}
[10-May-2025 16:37:48 Europe/Berlin] Error configuration loaded from error_config.php
[10-May-2025 16:37:48 Europe/Berlin] Database connection successful
[10-May-2025 16:38:24 Europe/Berlin] Error configuration loaded from error_config.php
[10-May-2025 16:38:24 Europe/Berlin] Database connection successful
[10-May-2025 16:38:24 Europe/Berlin] getItems called with page: 1, limit: 10, category: , user_id: 
[10-May-2025 16:38:24 Europe/Berlin] Query: SELECT * FROM items WHERE 1=1 ORDER BY created_at DESC LIMIT :limit OFFSET :offset with params: {":limit":10,":offset":0}
[10-May-2025 16:38:33 Europe/Berlin] Error configuration loaded from error_config.php
[10-May-2025 16:38:33 Europe/Berlin] Database connection successful
[10-May-2025 16:38:33 Europe/Berlin] getItems called with page: 1, limit: 10, category: , user_id: 
[10-May-2025 16:38:33 Europe/Berlin] Query: SELECT * FROM items WHERE 1=1 ORDER BY created_at DESC LIMIT :limit OFFSET :offset with params: {":limit":10,":offset":0}
[10-May-2025 16:38:49 Europe/Berlin] Error configuration loaded from error_config.php
[10-May-2025 16:38:49 Europe/Berlin] Database connection successful
[10-May-2025 16:39:15 Europe/Berlin] Error configuration loaded from error_config.php
[10-May-2025 16:39:15 Europe/Berlin] Database connection successful
[10-May-2025 16:39:19 Europe/Berlin] Error configuration loaded from error_config.php
[10-May-2025 16:39:19 Europe/Berlin] Database connection successful
[10-May-2025 16:39:19 Europe/Berlin] Error configuration loaded from error_config.php
[10-May-2025 16:39:19 Europe/Berlin] Database connection successful
[10-May-2025 16:46:10 Europe/Berlin] Error configuration loaded from error_config.php
[10-May-2025 16:46:10 Europe/Berlin] Database connection successful
[10-May-2025 16:49:20 Europe/Berlin] Error configuration loaded from error_config.php
[10-May-2025 16:49:20 Europe/Berlin] Database connection successful
[10-May-2025 16:49:31 Europe/Berlin] Error configuration loaded from error_config.php
[10-May-2025 16:49:31 Europe/Berlin] Database connection successful
[10-May-2025 16:53:37 Europe/Berlin] Error configuration loaded from error_config.php
[10-May-2025 16:53:37 Europe/Berlin] Database connection successful
[10-May-2025 16:53:37 Europe/Berlin] Starting authentication verification
[10-May-2025 16:53:37 Europe/Berlin] All headers received: {"user-agent":"Dart\/3.7 (dart:io)","accept":"application\/json","accept-encoding":"gzip","content-length":"99","host":"10.0.2.2","authorization":"Bearer eyJ1c2VyX2lkIjo1LCJ1c2VybmFtZSI6ImFkbWluIiwicm9sZSI6ImFkbWluIiwiaWF0IjoxNzQ2ODg0NDE4LCJleHAiOjE3Nzg0MjA0MTh9","content-type":"application\/json; charset=utf-8"}
[10-May-2025 16:53:37 Europe/Berlin] Normalized headers: {"user-agent":"Dart\/3.7 (dart:io)","accept":"application\/json","accept-encoding":"gzip","content-length":"99","host":"10.0.2.2","authorization":"Bearer eyJ1c2VyX2lkIjo1LCJ1c2VybmFtZSI6ImFkbWluIiwicm9sZSI6ImFkbWluIiwiaWF0IjoxNzQ2ODg0NDE4LCJleHAiOjE3Nzg0MjA0MTh9","content-type":"application\/json; charset=utf-8"}
[10-May-2025 16:53:37 Europe/Berlin] Found Authorization header: Bearer eyJ1c2VyX2lkIjo1LCJ1c2VybmFtZSI6ImFkbWluIiwicm9sZSI6ImFkbWluIiwiaWF0IjoxNzQ2ODg0NDE4LCJleHAiOjE3Nzg0MjA0MTh9
[10-May-2025 16:53:37 Europe/Berlin] Extracted token: eyJ1c2VyX2lkIjo1LCJ1c2VybmFtZSI6ImFkbWluIiwicm9sZSI6ImFkbWluIiwiaWF0IjoxNzQ2ODg0NDE4LCJleHAiOjE3Nzg0MjA0MTh9
[10-May-2025 16:53:37 Europe/Berlin] Starting token verification
[10-May-2025 16:53:37 Europe/Berlin] Token received: eyJ1c2VyX2lkIjo1LCJ1...
[10-May-2025 16:53:37 Europe/Berlin] Base64 decoded successfully: {"user_id":5,"username":"admin","role":"admin","iat":1746884418,"exp":1778420418}
[10-May-2025 16:53:37 Europe/Berlin] JSON decoded successfully: {"user_id":5,"username":"admin","role":"admin","iat":1746884418,"exp":1778420418}
[10-May-2025 16:53:37 Europe/Berlin] Decoded token: {"user_id":5,"username":"admin","role":"admin","iat":1746884418,"exp":1778420418}
[10-May-2025 16:53:37 Europe/Berlin] Token verified successfully for user ID: 5
[10-May-2025 16:53:37 Europe/Berlin] Token verification result: {"user_id":5,"username":"admin","role":"admin","iat":1746884418,"exp":1778420418}
[10-May-2025 16:53:37 Europe/Berlin] Authentication successful for user: {"user_id":5,"username":"admin","role":"admin","iat":1746884418,"exp":1778420418}
[10-May-2025 16:53:50 Europe/Berlin] Error configuration loaded from error_config.php
[10-May-2025 16:53:50 Europe/Berlin] Database connection successful
[10-May-2025 16:53:50 Europe/Berlin] Starting authentication verification
[10-May-2025 16:53:50 Europe/Berlin] All headers received: {"user-agent":"Dart\/3.7 (dart:io)","accept":"application\/json","accept-encoding":"gzip","content-length":"99","host":"10.0.2.2","authorization":"Bearer eyJ1c2VyX2lkIjo1LCJ1c2VybmFtZSI6ImFkbWluIiwicm9sZSI6ImFkbWluIiwiaWF0IjoxNzQ2ODg0NDE4LCJleHAiOjE3Nzg0MjA0MTh9","content-type":"application\/json; charset=utf-8"}
[10-May-2025 16:53:50 Europe/Berlin] Normalized headers: {"user-agent":"Dart\/3.7 (dart:io)","accept":"application\/json","accept-encoding":"gzip","content-length":"99","host":"10.0.2.2","authorization":"Bearer eyJ1c2VyX2lkIjo1LCJ1c2VybmFtZSI6ImFkbWluIiwicm9sZSI6ImFkbWluIiwiaWF0IjoxNzQ2ODg0NDE4LCJleHAiOjE3Nzg0MjA0MTh9","content-type":"application\/json; charset=utf-8"}
[10-May-2025 16:53:50 Europe/Berlin] Found Authorization header: Bearer eyJ1c2VyX2lkIjo1LCJ1c2VybmFtZSI6ImFkbWluIiwicm9sZSI6ImFkbWluIiwiaWF0IjoxNzQ2ODg0NDE4LCJleHAiOjE3Nzg0MjA0MTh9
[10-May-2025 16:53:50 Europe/Berlin] Extracted token: eyJ1c2VyX2lkIjo1LCJ1c2VybmFtZSI6ImFkbWluIiwicm9sZSI6ImFkbWluIiwiaWF0IjoxNzQ2ODg0NDE4LCJleHAiOjE3Nzg0MjA0MTh9
[10-May-2025 16:53:50 Europe/Berlin] Starting token verification
[10-May-2025 16:53:50 Europe/Berlin] Token received: eyJ1c2VyX2lkIjo1LCJ1...
[10-May-2025 16:53:50 Europe/Berlin] Base64 decoded successfully: {"user_id":5,"username":"admin","role":"admin","iat":1746884418,"exp":1778420418}
[10-May-2025 16:53:50 Europe/Berlin] JSON decoded successfully: {"user_id":5,"username":"admin","role":"admin","iat":1746884418,"exp":1778420418}
[10-May-2025 16:53:50 Europe/Berlin] Decoded token: {"user_id":5,"username":"admin","role":"admin","iat":1746884418,"exp":1778420418}
[10-May-2025 16:53:50 Europe/Berlin] Token verified successfully for user ID: 5
[10-May-2025 16:53:50 Europe/Berlin] Token verification result: {"user_id":5,"username":"admin","role":"admin","iat":1746884418,"exp":1778420418}
[10-May-2025 16:53:50 Europe/Berlin] Authentication successful for user: {"user_id":5,"username":"admin","role":"admin","iat":1746884418,"exp":1778420418}
[10-May-2025 16:54:03 Europe/Berlin] Error configuration loaded from error_config.php
[10-May-2025 16:54:03 Europe/Berlin] Database connection successful
[10-May-2025 16:54:03 Europe/Berlin] Starting authentication verification
[10-May-2025 16:54:03 Europe/Berlin] All headers received: {"user-agent":"Dart\/3.7 (dart:io)","accept":"application\/json","accept-encoding":"gzip","content-length":"99","host":"10.0.2.2","authorization":"Bearer eyJ1c2VyX2lkIjo1LCJ1c2VybmFtZSI6ImFkbWluIiwicm9sZSI6ImFkbWluIiwiaWF0IjoxNzQ2ODg0NDE4LCJleHAiOjE3Nzg0MjA0MTh9","content-type":"application\/json; charset=utf-8"}
[10-May-2025 16:54:03 Europe/Berlin] Normalized headers: {"user-agent":"Dart\/3.7 (dart:io)","accept":"application\/json","accept-encoding":"gzip","content-length":"99","host":"10.0.2.2","authorization":"Bearer eyJ1c2VyX2lkIjo1LCJ1c2VybmFtZSI6ImFkbWluIiwicm9sZSI6ImFkbWluIiwiaWF0IjoxNzQ2ODg0NDE4LCJleHAiOjE3Nzg0MjA0MTh9","content-type":"application\/json; charset=utf-8"}
[10-May-2025 16:54:03 Europe/Berlin] Found Authorization header: Bearer eyJ1c2VyX2lkIjo1LCJ1c2VybmFtZSI6ImFkbWluIiwicm9sZSI6ImFkbWluIiwiaWF0IjoxNzQ2ODg0NDE4LCJleHAiOjE3Nzg0MjA0MTh9
[10-May-2025 16:54:03 Europe/Berlin] Extracted token: eyJ1c2VyX2lkIjo1LCJ1c2VybmFtZSI6ImFkbWluIiwicm9sZSI6ImFkbWluIiwiaWF0IjoxNzQ2ODg0NDE4LCJleHAiOjE3Nzg0MjA0MTh9
[10-May-2025 16:54:03 Europe/Berlin] Starting token verification
[10-May-2025 16:54:03 Europe/Berlin] Token received: eyJ1c2VyX2lkIjo1LCJ1...
[10-May-2025 16:54:03 Europe/Berlin] Base64 decoded successfully: {"user_id":5,"username":"admin","role":"admin","iat":1746884418,"exp":1778420418}
[10-May-2025 16:54:03 Europe/Berlin] JSON decoded successfully: {"user_id":5,"username":"admin","role":"admin","iat":1746884418,"exp":1778420418}
[10-May-2025 16:54:03 Europe/Berlin] Decoded token: {"user_id":5,"username":"admin","role":"admin","iat":1746884418,"exp":1778420418}
[10-May-2025 16:54:03 Europe/Berlin] Token verified successfully for user ID: 5
[10-May-2025 16:54:03 Europe/Berlin] Token verification result: {"user_id":5,"username":"admin","role":"admin","iat":1746884418,"exp":1778420418}
[10-May-2025 16:54:03 Europe/Berlin] Authentication successful for user: {"user_id":5,"username":"admin","role":"admin","iat":1746884418,"exp":1778420418}
[10-May-2025 16:56:04 Europe/Berlin] Error configuration loaded from error_config.php
[10-May-2025 16:56:04 Europe/Berlin] Database connection successful
[10-May-2025 16:56:04 Europe/Berlin] Starting authentication verification
[10-May-2025 16:56:04 Europe/Berlin] All headers received: {"user-agent":"Dart\/3.7 (dart:io)","accept":"application\/json","accept-encoding":"gzip","content-length":"99","host":"10.0.2.2","authorization":"Bearer eyJ1c2VyX2lkIjo1LCJ1c2VybmFtZSI6ImFkbWluIiwicm9sZSI6ImFkbWluIiwiaWF0IjoxNzQ2ODg0NDE4LCJleHAiOjE3Nzg0MjA0MTh9","content-type":"application\/json; charset=utf-8"}
[10-May-2025 16:56:04 Europe/Berlin] Normalized headers: {"user-agent":"Dart\/3.7 (dart:io)","accept":"application\/json","accept-encoding":"gzip","content-length":"99","host":"10.0.2.2","authorization":"Bearer eyJ1c2VyX2lkIjo1LCJ1c2VybmFtZSI6ImFkbWluIiwicm9sZSI6ImFkbWluIiwiaWF0IjoxNzQ2ODg0NDE4LCJleHAiOjE3Nzg0MjA0MTh9","content-type":"application\/json; charset=utf-8"}
[10-May-2025 16:56:04 Europe/Berlin] Found Authorization header: Bearer eyJ1c2VyX2lkIjo1LCJ1c2VybmFtZSI6ImFkbWluIiwicm9sZSI6ImFkbWluIiwiaWF0IjoxNzQ2ODg0NDE4LCJleHAiOjE3Nzg0MjA0MTh9
[10-May-2025 16:56:04 Europe/Berlin] Extracted token: eyJ1c2VyX2lkIjo1LCJ1c2VybmFtZSI6ImFkbWluIiwicm9sZSI6ImFkbWluIiwiaWF0IjoxNzQ2ODg0NDE4LCJleHAiOjE3Nzg0MjA0MTh9
[10-May-2025 16:56:04 Europe/Berlin] Starting token verification
[10-May-2025 16:56:04 Europe/Berlin] Token received: eyJ1c2VyX2lkIjo1LCJ1...
[10-May-2025 16:56:04 Europe/Berlin] Base64 decoded successfully: {"user_id":5,"username":"admin","role":"admin","iat":1746884418,"exp":1778420418}
[10-May-2025 16:56:04 Europe/Berlin] JSON decoded successfully: {"user_id":5,"username":"admin","role":"admin","iat":1746884418,"exp":1778420418}
[10-May-2025 16:56:04 Europe/Berlin] Decoded token: {"user_id":5,"username":"admin","role":"admin","iat":1746884418,"exp":1778420418}
[10-May-2025 16:56:04 Europe/Berlin] Token verified successfully for user ID: 5
[10-May-2025 16:56:04 Europe/Berlin] Token verification result: {"user_id":5,"username":"admin","role":"admin","iat":1746884418,"exp":1778420418}
[10-May-2025 16:56:04 Europe/Berlin] Authentication successful for user: {"user_id":5,"username":"admin","role":"admin","iat":1746884418,"exp":1778420418}
[10-May-2025 16:56:19 Europe/Berlin] Error configuration loaded from error_config.php
[10-May-2025 16:56:19 Europe/Berlin] Database connection successful
[10-May-2025 16:56:19 Europe/Berlin] Starting authentication verification
[10-May-2025 16:56:19 Europe/Berlin] All headers received: {"user-agent":"Dart\/3.7 (dart:io)","accept":"application\/json","accept-encoding":"gzip","content-length":"93","host":"10.0.2.2","authorization":"Bearer eyJ1c2VyX2lkIjo1LCJ1c2VybmFtZSI6ImFkbWluIiwicm9sZSI6ImFkbWluIiwiaWF0IjoxNzQ2ODg0NDE4LCJleHAiOjE3Nzg0MjA0MTh9","content-type":"application\/json; charset=utf-8"}
[10-May-2025 16:56:19 Europe/Berlin] Normalized headers: {"user-agent":"Dart\/3.7 (dart:io)","accept":"application\/json","accept-encoding":"gzip","content-length":"93","host":"10.0.2.2","authorization":"Bearer eyJ1c2VyX2lkIjo1LCJ1c2VybmFtZSI6ImFkbWluIiwicm9sZSI6ImFkbWluIiwiaWF0IjoxNzQ2ODg0NDE4LCJleHAiOjE3Nzg0MjA0MTh9","content-type":"application\/json; charset=utf-8"}
[10-May-2025 16:56:19 Europe/Berlin] Found Authorization header: Bearer eyJ1c2VyX2lkIjo1LCJ1c2VybmFtZSI6ImFkbWluIiwicm9sZSI6ImFkbWluIiwiaWF0IjoxNzQ2ODg0NDE4LCJleHAiOjE3Nzg0MjA0MTh9
[10-May-2025 16:56:19 Europe/Berlin] Extracted token: eyJ1c2VyX2lkIjo1LCJ1c2VybmFtZSI6ImFkbWluIiwicm9sZSI6ImFkbWluIiwiaWF0IjoxNzQ2ODg0NDE4LCJleHAiOjE3Nzg0MjA0MTh9
[10-May-2025 16:56:19 Europe/Berlin] Starting token verification
[10-May-2025 16:56:19 Europe/Berlin] Token received: eyJ1c2VyX2lkIjo1LCJ1...
[10-May-2025 16:56:19 Europe/Berlin] Base64 decoded successfully: {"user_id":5,"username":"admin","role":"admin","iat":1746884418,"exp":1778420418}
[10-May-2025 16:56:19 Europe/Berlin] JSON decoded successfully: {"user_id":5,"username":"admin","role":"admin","iat":1746884418,"exp":1778420418}
[10-May-2025 16:56:19 Europe/Berlin] Decoded token: {"user_id":5,"username":"admin","role":"admin","iat":1746884418,"exp":1778420418}
[10-May-2025 16:56:19 Europe/Berlin] Token verified successfully for user ID: 5
[10-May-2025 16:56:19 Europe/Berlin] Token verification result: {"user_id":5,"username":"admin","role":"admin","iat":1746884418,"exp":1778420418}
[10-May-2025 16:56:19 Europe/Berlin] Authentication successful for user: {"user_id":5,"username":"admin","role":"admin","iat":1746884418,"exp":1778420418}
[10-May-2025 16:56:19 Europe/Berlin] Error configuration loaded from error_config.php
[10-May-2025 16:56:19 Europe/Berlin] Database connection successful
[10-May-2025 16:56:19 Europe/Berlin] getItems called with page: 1, limit: 10, category: , user_id: 
[10-May-2025 16:56:19 Europe/Berlin] Query: SELECT * FROM items WHERE 1=1 ORDER BY created_at DESC LIMIT :limit OFFSET :offset with params: {":limit":10,":offset":0}
[10-May-2025 16:56:26 Europe/Berlin] Error configuration loaded from error_config.php
[10-May-2025 16:56:26 Europe/Berlin] Database connection successful
[10-May-2025 16:56:26 Europe/Berlin] Starting authentication verification
[10-May-2025 16:56:26 Europe/Berlin] All headers received: {"user-agent":"Dart\/3.7 (dart:io)","accept":"application\/json","accept-encoding":"gzip","content-length":"93","host":"10.0.2.2","authorization":"Bearer eyJ1c2VyX2lkIjo1LCJ1c2VybmFtZSI6ImFkbWluIiwicm9sZSI6ImFkbWluIiwiaWF0IjoxNzQ2ODg0NDE4LCJleHAiOjE3Nzg0MjA0MTh9","content-type":"application\/json; charset=utf-8"}
[10-May-2025 16:56:26 Europe/Berlin] Normalized headers: {"user-agent":"Dart\/3.7 (dart:io)","accept":"application\/json","accept-encoding":"gzip","content-length":"93","host":"10.0.2.2","authorization":"Bearer eyJ1c2VyX2lkIjo1LCJ1c2VybmFtZSI6ImFkbWluIiwicm9sZSI6ImFkbWluIiwiaWF0IjoxNzQ2ODg0NDE4LCJleHAiOjE3Nzg0MjA0MTh9","content-type":"application\/json; charset=utf-8"}
[10-May-2025 16:56:26 Europe/Berlin] Found Authorization header: Bearer eyJ1c2VyX2lkIjo1LCJ1c2VybmFtZSI6ImFkbWluIiwicm9sZSI6ImFkbWluIiwiaWF0IjoxNzQ2ODg0NDE4LCJleHAiOjE3Nzg0MjA0MTh9
[10-May-2025 16:56:26 Europe/Berlin] Extracted token: eyJ1c2VyX2lkIjo1LCJ1c2VybmFtZSI6ImFkbWluIiwicm9sZSI6ImFkbWluIiwiaWF0IjoxNzQ2ODg0NDE4LCJleHAiOjE3Nzg0MjA0MTh9
[10-May-2025 16:56:26 Europe/Berlin] Starting token verification
[10-May-2025 16:56:26 Europe/Berlin] Token received: eyJ1c2VyX2lkIjo1LCJ1...
[10-May-2025 16:56:26 Europe/Berlin] Base64 decoded successfully: {"user_id":5,"username":"admin","role":"admin","iat":1746884418,"exp":1778420418}
[10-May-2025 16:56:26 Europe/Berlin] JSON decoded successfully: {"user_id":5,"username":"admin","role":"admin","iat":1746884418,"exp":1778420418}
[10-May-2025 16:56:26 Europe/Berlin] Decoded token: {"user_id":5,"username":"admin","role":"admin","iat":1746884418,"exp":1778420418}
[10-May-2025 16:56:26 Europe/Berlin] Token verified successfully for user ID: 5
[10-May-2025 16:56:26 Europe/Berlin] Token verification result: {"user_id":5,"username":"admin","role":"admin","iat":1746884418,"exp":1778420418}
[10-May-2025 16:56:26 Europe/Berlin] Authentication successful for user: {"user_id":5,"username":"admin","role":"admin","iat":1746884418,"exp":1778420418}
[10-May-2025 16:56:26 Europe/Berlin] Error configuration loaded from error_config.php
[10-May-2025 16:56:26 Europe/Berlin] Database connection successful
[10-May-2025 16:56:26 Europe/Berlin] getItems called with page: 1, limit: 10, category: , user_id: 
[10-May-2025 16:56:26 Europe/Berlin] Query: SELECT * FROM items WHERE 1=1 ORDER BY created_at DESC LIMIT :limit OFFSET :offset with params: {":limit":10,":offset":0}
[11-May-2025 02:23:38 Europe/Berlin] Error configuration loaded from error_config.php
[11-May-2025 02:23:38 Europe/Berlin] Database connection successful
[11-May-2025 02:23:38 Europe/Berlin] getItems called with page: 1, limit: 10, category: , user_id: 
[11-May-2025 02:23:38 Europe/Berlin] Query: SELECT * FROM items WHERE 1=1 ORDER BY created_at DESC LIMIT :limit OFFSET :offset with params: {":limit":10,":offset":0}
[11-May-2025 06:32:50 Europe/Berlin] Error configuration loaded from error_config.php
[11-May-2025 06:32:50 Europe/Berlin] Database connection successful
[11-May-2025 06:32:50 Europe/Berlin] getItems called with page: 1, limit: 10, category: , user_id: 
[11-May-2025 06:32:50 Europe/Berlin] Query: SELECT * FROM items WHERE 1=1 ORDER BY created_at DESC LIMIT :limit OFFSET :offset with params: {":limit":10,":offset":0}
[11-May-2025 06:37:13 Europe/Berlin] Error configuration loaded from error_config.php
[11-May-2025 06:37:13 Europe/Berlin] Database connection successful
[11-May-2025 06:37:13 Europe/Berlin] getItems called with page: 1, limit: 10, category: , user_id: 
[11-May-2025 06:37:13 Europe/Berlin] Query: SELECT * FROM items WHERE 1=1 ORDER BY created_at DESC LIMIT :limit OFFSET :offset with params: {":limit":10,":offset":0}
[11-May-2025 07:02:23 Europe/Berlin] Error configuration loaded from error_config.php
[11-May-2025 07:02:23 Europe/Berlin] Database connection successful
[11-May-2025 07:02:23 Europe/Berlin] getItems called with page: 1, limit: 10, category: , user_id: 
[11-May-2025 07:02:23 Europe/Berlin] Query: SELECT * FROM items WHERE 1=1 ORDER BY created_at DESC LIMIT :limit OFFSET :offset with params: {":limit":10,":offset":0}
[11-May-2025 07:07:01 Europe/Berlin] Error configuration loaded from error_config.php
[11-May-2025 07:07:01 Europe/Berlin] Database connection successful
[11-May-2025 07:07:01 Europe/Berlin] getItems called with page: 1, limit: 10, category: , user_id: 
[11-May-2025 07:07:01 Europe/Berlin] Query: SELECT * FROM items WHERE 1=1 ORDER BY created_at DESC LIMIT :limit OFFSET :offset with params: {":limit":10,":offset":0}
[11-May-2025 07:07:24 Europe/Berlin] Error configuration loaded from error_config.php
[11-May-2025 07:07:24 Europe/Berlin] Database connection successful
[11-May-2025 07:07:24 Europe/Berlin] getItems called with page: 1, limit: 10, category: , user_id: 
[11-May-2025 07:07:24 Europe/Berlin] Query: SELECT * FROM items WHERE 1=1 ORDER BY created_at DESC LIMIT :limit OFFSET :offset with params: {":limit":10,":offset":0}
[11-May-2025 07:07:38 Europe/Berlin] Error configuration loaded from error_config.php
[11-May-2025 07:07:38 Europe/Berlin] Database connection successful
[11-May-2025 07:07:38 Europe/Berlin] getItems called with page: 1, limit: 10, category: , user_id: 
[11-May-2025 07:07:38 Europe/Berlin] Query: SELECT * FROM items WHERE 1=1 ORDER BY created_at DESC LIMIT :limit OFFSET :offset with params: {":limit":10,":offset":0}
[11-May-2025 07:15:02 Europe/Berlin] Error configuration loaded from error_config.php
[11-May-2025 07:15:02 Europe/Berlin] Database connection successful
[11-May-2025 07:15:02 Europe/Berlin] getItems called with page: 1, limit: 10, category: , user_id: 
[11-May-2025 07:15:02 Europe/Berlin] Query: SELECT * FROM items WHERE 1=1 ORDER BY created_at DESC LIMIT :limit OFFSET :offset with params: {":limit":10,":offset":0}
[11-May-2025 07:15:14 Europe/Berlin] Error configuration loaded from error_config.php
[11-May-2025 07:15:14 Europe/Berlin] Database connection successful
[11-May-2025 07:15:14 Europe/Berlin] getItems called with page: 1, limit: 10, category: , user_id: 
[11-May-2025 07:15:14 Europe/Berlin] Query: SELECT * FROM items WHERE 1=1 ORDER BY created_at DESC LIMIT :limit OFFSET :offset with params: {":limit":10,":offset":0}
[11-May-2025 07:15:20 Europe/Berlin] Error configuration loaded from error_config.php
[11-May-2025 07:15:20 Europe/Berlin] Database connection successful
[11-May-2025 07:15:20 Europe/Berlin] getItems called with page: 1, limit: 10, category: , user_id: 
[11-May-2025 07:15:20 Europe/Berlin] Query: SELECT * FROM items WHERE 1=1 ORDER BY created_at DESC LIMIT :limit OFFSET :offset with params: {":limit":10,":offset":0}
[11-May-2025 07:15:21 Europe/Berlin] Error configuration loaded from error_config.php
[11-May-2025 07:15:21 Europe/Berlin] Database connection successful
[11-May-2025 07:15:21 Europe/Berlin] getItems called with page: 1, limit: 10, category: Tops, user_id: 
[11-May-2025 07:15:21 Europe/Berlin] Query: SELECT * FROM items WHERE 1=1 AND category = :category ORDER BY created_at DESC LIMIT :limit OFFSET :offset with params: {":category":"Tops",":limit":10,":offset":0}
[11-May-2025 07:15:21 Europe/Berlin] Error configuration loaded from error_config.php
[11-May-2025 07:15:21 Europe/Berlin] Database connection successful
[11-May-2025 07:15:21 Europe/Berlin] getItems called with page: 1, limit: 10, category: Bottoms, user_id: 
[11-May-2025 07:15:21 Europe/Berlin] Query: SELECT * FROM items WHERE 1=1 AND category = :category ORDER BY created_at DESC LIMIT :limit OFFSET :offset with params: {":category":"Bottoms",":limit":10,":offset":0}
[11-May-2025 07:15:22 Europe/Berlin] Error configuration loaded from error_config.php
[11-May-2025 07:15:22 Europe/Berlin] Database connection successful
[11-May-2025 07:15:22 Europe/Berlin] getItems called with page: 1, limit: 10, category: , user_id: 
[11-May-2025 07:15:22 Europe/Berlin] Query: SELECT * FROM items WHERE 1=1 ORDER BY created_at DESC LIMIT :limit OFFSET :offset with params: {":limit":10,":offset":0}
[11-May-2025 07:15:25 Europe/Berlin] Error configuration loaded from error_config.php
[11-May-2025 07:15:25 Europe/Berlin] Database connection successful
[11-May-2025 07:15:25 Europe/Berlin] getItems called with page: 1, limit: 10, category: , user_id: 
[11-May-2025 07:15:25 Europe/Berlin] Query: SELECT * FROM items WHERE 1=1 ORDER BY created_at DESC LIMIT :limit OFFSET :offset with params: {":limit":10,":offset":0}
[11-May-2025 07:15:28 Europe/Berlin] Error configuration loaded from error_config.php
[11-May-2025 07:15:28 Europe/Berlin] Database connection successful
[11-May-2025 07:15:28 Europe/Berlin] getItems called with page: 1, limit: 10, category: , user_id: 
[11-May-2025 07:15:28 Europe/Berlin] Query: SELECT * FROM items WHERE 1=1 ORDER BY created_at DESC LIMIT :limit OFFSET :offset with params: {":limit":10,":offset":0}
[11-May-2025 07:16:13 Europe/Berlin] Error configuration loaded from error_config.php
[11-May-2025 07:16:13 Europe/Berlin] Database connection successful
[11-May-2025 07:16:13 Europe/Berlin] getItems called with page: 1, limit: 10, category: , user_id: 
[11-May-2025 07:16:13 Europe/Berlin] Query: SELECT * FROM items WHERE 1=1 ORDER BY created_at DESC LIMIT :limit OFFSET :offset with params: {":limit":10,":offset":0}
[11-May-2025 07:16:50 Europe/Berlin] Error configuration loaded from error_config.php
[11-May-2025 07:16:50 Europe/Berlin] Database connection successful
[11-May-2025 07:16:50 Europe/Berlin] getItems called with page: 1, limit: 10, category: , user_id: 
[11-May-2025 07:16:50 Europe/Berlin] Query: SELECT * FROM items WHERE 1=1 ORDER BY created_at DESC LIMIT :limit OFFSET :offset with params: {":limit":10,":offset":0}
[11-May-2025 07:17:04 Europe/Berlin] Error configuration loaded from error_config.php
[11-May-2025 07:17:04 Europe/Berlin] Database connection successful
[11-May-2025 07:17:04 Europe/Berlin] getItems called with page: 1, limit: 10, category: , user_id: 
[11-May-2025 07:17:04 Europe/Berlin] Query: SELECT * FROM items WHERE 1=1 ORDER BY created_at DESC LIMIT :limit OFFSET :offset with params: {":limit":10,":offset":0}
[11-May-2025 07:32:53 Europe/Berlin] Error configuration loaded from error_config.php
[11-May-2025 07:32:53 Europe/Berlin] Database connection successful
[11-May-2025 07:32:53 Europe/Berlin] getItems called with page: 1, limit: 10, category: , user_id: 
[11-May-2025 07:32:53 Europe/Berlin] Query: SELECT * FROM items WHERE 1=1 ORDER BY created_at DESC LIMIT :limit OFFSET :offset with params: {":limit":10,":offset":0}
[11-May-2025 07:33:04 Europe/Berlin] Error configuration loaded from error_config.php
[11-May-2025 07:33:04 Europe/Berlin] Database connection successful
[11-May-2025 07:33:04 Europe/Berlin] getItems called with page: 1, limit: 10, category: , user_id: 
[11-May-2025 07:33:04 Europe/Berlin] Query: SELECT * FROM items WHERE 1=1 ORDER BY created_at DESC LIMIT :limit OFFSET :offset with params: {":limit":10,":offset":0}
[11-May-2025 07:37:13 Europe/Berlin] Error configuration loaded from error_config.php
[11-May-2025 07:37:13 Europe/Berlin] Database connection successful
[11-May-2025 07:37:13 Europe/Berlin] getItems called with page: 1, limit: 10, category: , user_id: 
[11-May-2025 07:37:13 Europe/Berlin] Query: SELECT * FROM items WHERE 1=1 ORDER BY created_at DESC LIMIT :limit OFFSET :offset with params: {":limit":10,":offset":0}
[11-May-2025 07:37:25 Europe/Berlin] Error configuration loaded from error_config.php
[11-May-2025 07:37:25 Europe/Berlin] Database connection successful
[11-May-2025 07:37:25 Europe/Berlin] getItems called with page: 1, limit: 10, category: , user_id: 
[11-May-2025 07:37:25 Europe/Berlin] Query: SELECT * FROM items WHERE 1=1 ORDER BY created_at DESC LIMIT :limit OFFSET :offset with params: {":limit":10,":offset":0}
[11-May-2025 07:42:14 Europe/Berlin] Error configuration loaded from error_config.php
[11-May-2025 07:42:14 Europe/Berlin] Database connection successful
[11-May-2025 07:42:14 Europe/Berlin] getItems called with page: 1, limit: 10, category: , user_id: 
[11-May-2025 07:42:14 Europe/Berlin] Query: SELECT * FROM items WHERE 1=1 ORDER BY created_at DESC LIMIT :limit OFFSET :offset with params: {":limit":10,":offset":0}
[11-May-2025 11:43:42 Europe/Berlin] Error configuration loaded from error_config.php
[11-May-2025 11:43:42 Europe/Berlin] Database connection successful
[11-May-2025 11:43:42 Europe/Berlin] getItems called with page: 1, limit: 10, category: , user_id: 
[11-May-2025 11:43:42 Europe/Berlin] Query: SELECT * FROM items WHERE 1=1 ORDER BY created_at DESC LIMIT :limit OFFSET :offset with params: {":limit":10,":offset":0}
[11-May-2025 11:43:47 Europe/Berlin] Error configuration loaded from error_config.php
[11-May-2025 11:43:47 Europe/Berlin] Database connection successful
[11-May-2025 11:43:47 Europe/Berlin] getItems called with page: 1, limit: 10, category: , user_id: 
[11-May-2025 11:43:47 Europe/Berlin] Query: SELECT * FROM items WHERE 1=1 ORDER BY created_at DESC LIMIT :limit OFFSET :offset with params: {":limit":10,":offset":0}
[11-May-2025 11:43:59 Europe/Berlin] Error configuration loaded from error_config.php
[11-May-2025 11:43:59 Europe/Berlin] Database connection successful
[11-May-2025 11:43:59 Europe/Berlin] getItems called with page: 1, limit: 10, category: , user_id: 
[11-May-2025 11:43:59 Europe/Berlin] Query: SELECT * FROM items WHERE 1=1 ORDER BY created_at DESC LIMIT :limit OFFSET :offset with params: {":limit":10,":offset":0}
